<?xml version="1.0" encoding="UTF-8"?>
<testng-results ignored="0" total="4" passed="4" failed="0" skipped="0">
  <reporter-output>
  </reporter-output>
  <suite started-at="2024-04-14T20:54:04 IST" name="Suite" finished-at="2024-04-14T20:54:12 IST" duration-ms="7613">
    <groups>
    </groups>
    <test started-at="2024-04-14T20:54:04 IST" name="Test" finished-at="2024-04-14T20:54:12 IST" duration-ms="7613">
      <class name="api.tests.UserTests2WithPropertiesFile">
        <test-method is-config="true" signature="setupp()[pri:0, instance:api.tests.UserTests2WithPropertiesFile@4c402120]" started-at="2024-04-14T20:54:05 IST" name="setupp" finished-at="2024-04-14T20:54:05 IST" duration-ms="556" status="PASS">
          <reporter-output>
          </reporter-output>
        </test-method> <!-- setupp -->
        <test-method signature="testpostuser()[pri:1, instance:api.tests.UserTests2WithPropertiesFile@4c402120]" started-at="2024-04-14T20:54:05 IST" name="testpostuser" finished-at="2024-04-14T20:54:08 IST" duration-ms="2547" status="PASS">
          <reporter-output>
          </reporter-output>
        </test-method> <!-- testpostuser -->
        <test-method signature="testreaduser()[pri:2, instance:api.tests.UserTests2WithPropertiesFile@4c402120]" started-at="2024-04-14T20:54:08 IST" name="testreaduser" finished-at="2024-04-14T20:54:09 IST" duration-ms="1453" status="PASS">
          <reporter-output>
          </reporter-output>
        </test-method> <!-- testreaduser -->
        <test-method signature="testupdateuser()[pri:3, instance:api.tests.UserTests2WithPropertiesFile@4c402120]" started-at="2024-04-14T20:54:09 IST" name="testupdateuser" finished-at="2024-04-14T20:54:11 IST" duration-ms="1425" status="PASS">
          <reporter-output>
          </reporter-output>
        </test-method> <!-- testupdateuser -->
        <test-method signature="testdeleteuser()[pri:4, instance:api.tests.UserTests2WithPropertiesFile@4c402120]" started-at="2024-04-14T20:54:11 IST" name="testdeleteuser" finished-at="2024-04-14T20:54:12 IST" duration-ms="1380" status="PASS">
          <reporter-output>
          </reporter-output>
        </test-method> <!-- testdeleteuser -->
      </class> <!-- api.tests.UserTests2WithPropertiesFile -->
    </test> <!-- Test -->
  </suite> <!-- Suite -->
</testng-results>
