<?xml version="1.0" encoding="UTF-8"?>
<testng-results ignored="0" total="4" passed="4" failed="0" skipped="0">
  <reporter-output>
  </reporter-output>
  <suite started-at="2024-04-16T16:57:44 IST" name="Default suite" finished-at="2024-04-16T16:57:51 IST" duration-ms="7178">
    <groups>
    </groups>
    <test started-at="2024-04-16T16:57:44 IST" name="Default test" finished-at="2024-04-16T16:57:51 IST" duration-ms="7178">
      <class name="api.tests.UserTests">
        <test-method is-config="true" signature="setupp()[pri:0, instance:api.tests.UserTests@4c402120]" started-at="2024-04-16T16:57:44 IST" name="setupp" finished-at="2024-04-16T16:57:44 IST" duration-ms="559" status="PASS">
          <reporter-output>
          </reporter-output>
        </test-method> <!-- setupp -->
        <test-method signature="testpostuser()[pri:1, instance:api.tests.UserTests@4c402120]" started-at="2024-04-16T16:57:44 IST" name="testpostuser" finished-at="2024-04-16T16:57:47 IST" duration-ms="2491" status="PASS">
          <reporter-output>
          </reporter-output>
        </test-method> <!-- testpostuser -->
        <test-method signature="testreaduser()[pri:2, instance:api.tests.UserTests@4c402120]" started-at="2024-04-16T16:57:47 IST" name="testreaduser" finished-at="2024-04-16T16:57:48 IST" duration-ms="1353" status="PASS">
          <reporter-output>
          </reporter-output>
        </test-method> <!-- testreaduser -->
        <test-method signature="testupdateuser()[pri:3, instance:api.tests.UserTests@4c402120]" started-at="2024-04-16T16:57:48 IST" name="testupdateuser" finished-at="2024-04-16T16:57:50 IST" duration-ms="1363" status="PASS">
          <reporter-output>
          </reporter-output>
        </test-method> <!-- testupdateuser -->
        <test-method signature="testdeleteuser()[pri:4, instance:api.tests.UserTests@4c402120]" started-at="2024-04-16T16:57:50 IST" name="testdeleteuser" finished-at="2024-04-16T16:57:51 IST" duration-ms="1377" status="PASS">
          <reporter-output>
          </reporter-output>
        </test-method> <!-- testdeleteuser -->
      </class> <!-- api.tests.UserTests -->
    </test> <!-- Default test -->
  </suite> <!-- Default suite -->
</testng-results>
