<?xml version="1.0" encoding="UTF-8"?>
<!-- Generated by org.testng.reporters.JUnitXMLReporter -->
<testsuite ignored="0" hostname="LAPTOP-K26E8UFK" failures="0" tests="4" name="Default test" time="7.178" errors="0" timestamp="2024-04-16T16:57:51 IST">
  <testcase classname="api.tests.UserTests" name="testpostuser" time="2.491"/>
  <testcase classname="api.tests.UserTests" name="testreaduser" time="1.353"/>
  <testcase classname="api.tests.UserTests" name="testupdateuser" time="1.363"/>
  <testcase classname="api.tests.UserTests" name="testdeleteuser" time="1.377"/>
</testsuite> <!-- Default test -->
