<?xml version="1.0" encoding="UTF-8"?>
<!-- Generated by org.testng.reporters.JUnitXMLReporter -->
<testsuite ignored="0" hostname="LAPTOP-K26E8UFK" failures="0" tests="6" name="Default test" time="9.262" errors="0" timestamp="2024-04-13T17:43:44 IST">
  <testcase classname="api.tests.DataDriventest" name="Testpostuser" time="2.599"/>
  <testcase classname="api.tests.DataDriventest" name="Testpostuser" time="1.2"/>
  <testcase classname="api.tests.DataDriventest" name="Testpostuser" time="1.14"/>
  <testcase classname="api.tests.DataDriventest" name="Testdeleteuser" time="1.149"/>
  <testcase classname="api.tests.DataDriventest" name="Testdeleteuser" time="1.16"/>
  <testcase classname="api.tests.DataDriventest" name="Testdeleteuser" time="1.145"/>
</testsuite> <!-- Default test -->
