<?xml version="1.0" encoding="UTF-8"?>
<!-- Generated by org.testng.reporters.JUnitXMLReporter -->
<testsuite ignored="0" hostname="LAPTOP-K26E8UFK" failures="0" tests="6" name="Test" time="10.913" errors="0" timestamp="2024-04-16T16:50:45 IST">
  <testcase classname="api.tests.DataDriventest" name="Testpostuser" time="2.487"/>
  <testcase classname="api.tests.DataDriventest" name="Testpostuser" time="1.405"/>
  <testcase classname="api.tests.DataDriventest" name="Testpostuser" time="1.396"/>
  <testcase classname="api.tests.DataDriventest" name="Testdeleteuser" time="1.431"/>
  <testcase classname="api.tests.DataDriventest" name="Testdeleteuser" time="1.401"/>
  <testcase classname="api.tests.DataDriventest" name="Testdeleteuser" time="1.34"/>
</testsuite> <!-- Test -->
