<?xml version="1.0" encoding="UTF-8"?>
<!-- Generated by org.testng.reporters.JUnitXMLReporter -->
<testsuite ignored="0" hostname="LAPTOP-K26E8UFK" failures="0" tests="4" name="Test" time="7.613" errors="0" timestamp="2024-04-14T20:54:12 IST">
  <testcase classname="api.tests.UserTests2WithPropertiesFile" name="testpostuser" time="2.547"/>
  <testcase classname="api.tests.UserTests2WithPropertiesFile" name="testreaduser" time="1.453"/>
  <testcase classname="api.tests.UserTests2WithPropertiesFile" name="testupdateuser" time="1.425"/>
  <testcase classname="api.tests.UserTests2WithPropertiesFile" name="testdeleteuser" time="1.38"/>
</testsuite> <!-- Test -->
